[debug] [2025-10-24T17:35:51.919Z] ----------------------------------------------------------------------
[debug] [2025-10-24T17:35:51.923Z] Command:       /home/gael/.nvm/versions/node/v22.20.0/bin/node /home/gael/.nvm/versions/node/v22.20.0/bin/firebase init
[debug] [2025-10-24T17:35:51.923Z] CLI Version:   14.22.0
[debug] [2025-10-24T17:35:51.923Z] Platform:      linux
[debug] [2025-10-24T17:35:51.924Z] Node Version:  v22.20.0
[debug] [2025-10-24T17:35:51.924Z] Time:          Fri Oct 24 2025 11:35:51 GMT-0600 (hora estándar central)
[debug] [2025-10-24T17:35:51.924Z] ----------------------------------------------------------------------
[debug] 
[info] 
     ######## #### ########  ######## ########     ###     ######  ########
     ##        ##  ##     ## ##       ##     ##  ##   ##  ##       ##
     ######    ##  ########  ######   ########  #########  ######  ######
     ##        ##  ##    ##  ##       ##     ## ##     ##       ## ##
     ##       #### ##     ## ######## ########  ##     ##  ######  ########

You're about to initialize a Firebase project in this directory:

  /home/gael/Documentos/EjercicioModularizacion

[debug] [2025-10-24T17:46:23.180Z] ExitPromptError: User force closed the prompt with SIGINT
    at Interface.sigint (/home/gael/.nvm/versions/node/v22.20.0/lib/node_modules/firebase-tools/node_modules/@inquirer/core/dist/commonjs/lib/create-prompt.js:101:37)
    at Interface.emit (node:events:519:28)
    at Interface.emit (node:domain:489:12)
    at [_ttyWrite] [as _ttyWrite] (node:internal/readline/interface:1128:18)
    at ReadStream.onkeypress (node:internal/readline/interface:271:20)
    at ReadStream.emit (node:events:531:35)
    at ReadStream.emit (node:domain:489:12)
    at emitKeys (node:internal/readline/utils:370:14)
    at emitKeys.next (<anonymous>)
    at ReadStream.onData (node:internal/readline/emitKeypressEvents:64:36)
[error] 
[error] Error: An unexpected error has occurred.
